r_ref_0 =   2.7880
r_ref_1 =   3.9440
r_ref_2 =   4.8300
201 of atoms in the system
cut_off_func = 1
Using simple cut-off function.
cut range = 1.8000
Cut-off (3.9440) is larger than r_ref_1 (3.9440).
Using r_ref_1 (3.9440) as cut-off.
The max coordination number is 12
0 atoms with coordination of 4
Hist:
       1       0
       2       0
       3       0
       4       0
       5       0
       6      24
       7      36
       8       6
       9      56
      10       0
      11       0
      12      79
