############################################################
# Log RUN.LOG created Thu Jul  6 11:37:31 2006
# Cerius2: Version 4.10L
############################################################
FILES/LOAD_FORMAT  BGF
FILES/LOAD  "/ul/maiti/solvate/f3c.bgf"
SELECT/ATOM RESTART  Atom(358)
SELECT/ATOM RESTART  Atom(359)
SELECT/ATOM TOGGLE   Atom(360)
SELECT/ATOM TOGGLE   Atom(359)
SELECT/ATOM TOGGLE   Atom(359)
SELECT/ATOM TOGGLE   Atom(358)
EDIT/COPY
SELECT/CRITERION  "in the same fragment"
SKETCHER/SELECT
SELECT/FRAGMENT RESTART  Atom(358)
EDIT/COPY
MODEL/NEW
EDIT/PASTE
FILES/SAVE_FORMAT  BGF
_GUI/MODAL 1
FILES/SAVE  "./F3C.bgf"
SELECT/DESELECT_ALL -SCOPE "ALL MODELS"
FILES/LOAD  "/ul/tpascal/mamadou/EDAPAMAMG0_solv.bgf"
VIEW/ROTATE  -25.28   31.97    9.36 START
VIEW/ROTATE   -8.92   15.61    3.88 CONTINUE
VIEW/ROTATE   -1.49    3.72    0.83 CONTINUE
VIEW/ROTATE   -1.49    1.12    0.40 CONTINUE
VIEW/ROTATE   -0.74    1.12    0.29 CONTINUE
VIEW/ROTATE   -0.74    0.37    0.17 CONTINUE
VIEW/ROTATE   -0.74    1.12    0.29 CONTINUE
VIEW/ROTATE   -5.95    5.20    1.70 CONTINUE
VIEW/ROTATE   -5.20    7.44    2.05 CONTINUE
VIEW/ROTATE   -1.49    5.95    1.39 CONTINUE
VIEW/ROTATE    0.00    7.81    1.67 CONTINUE
VIEW/ROTATE    0.00    2.97    0.64 CONTINUE
VIEW/ROTATE    4.83    4.46    0.75 CONTINUE
VIEW/ROTATE   15.61    7.44    1.02 CONTINUE
VIEW/ROTATE   13.38    5.20    0.70 CONTINUE
VIEW/ROTATE   15.61    2.23    0.38 CONTINUE
VIEW/ROTATE   14.87   -3.72   -0.02 CONTINUE
VIEW/ROTATE   11.15   -2.23    0.00 CONTINUE
VIEW/ROTATE    9.67  -10.41    0.11 CONTINUE
VIEW/ROTATE    6.69   -8.18    0.11 CONTINUE
VIEW/ROTATE    5.95   -5.95    0.02 CONTINUE
VIEW/ROTATE    5.95   -7.44    0.14 CONTINUE
VIEW/ROTATE    1.86   -2.60    0.07 CONTINUE
VIEW/ROTATE    0.37   -1.12    0.08 CONTINUE
VIEW/ROTATE    0.00   -1.49    0.16 CONTINUE
VIEW/ROTATE   -1.12   -1.12    0.24 CONTINUE
VIEW/ROTATE   -1.86   -0.37    0.26 CONTINUE
VIEW/ROTATE   -1.86   -0.37    0.26 CONTINUE
VIEW/ROTATE   -5.20   -2.60    0.86 CONTINUE
VIEW/ROTATE   -8.18   -2.97    1.27 CONTINUE
VIEW/ROTATE   -8.18   -1.49    1.20 CONTINUE
VIEW/ROTATE   -2.97   -1.86    0.47 CONTINUE
VIEW/ROTATE   -0.74   -0.37    0.12 CONTINUE
VIEW/ROTATE   -5.58    0.00    0.83 CONTINUE
VIEW/ROTATE   -8.18    0.00    1.21 CONTINUE
VIEW/ROTATE  -11.15   -0.74    1.63 CONTINUE
VIEW/ROTATE   -2.97   -1.86    0.33 CONTINUE
VIEW/ROTATE  -10.41   -2.23    1.47 CONTINUE
VIEW/ROTATE  -10.41    0.74    1.77 CONTINUE
VIEW/ROTATE   -5.95    0.74    1.05 CONTINUE
VIEW/ROTATE   -1.49    0.37    0.29 CONTINUE
VIEW/ROTATE    0.00    0.37    0.06 CONTINUE
VIEW/ROTATE  -35.69   44.61   -5.89 START
VIEW/ROTATE   -5.95    8.92   -1.18 CONTINUE
VIEW/ROTATE   -4.46    5.95   -0.80 CONTINUE
VIEW/ROTATE   -5.20    8.18   -1.06 CONTINUE
VIEW/ROTATE   -5.20   15.61   -1.68 CONTINUE
VIEW/ROTATE   -1.49   11.15   -0.94 CONTINUE
VIEW/ROTATE   -1.49    9.67   -0.85 CONTINUE
VIEW/ROTATE    0.00    1.49   -0.09 CONTINUE
VIEW/ROTATE    0.37    1.12    0.00 CONTINUE
VIEW/ROTATE    0.37    1.49   -0.02 CONTINUE
VIEW/ROTATE    1.12    1.12    0.14 CONTINUE
VIEW/ROTATE    5.20    2.60    0.85 CONTINUE
VIEW/ROTATE    5.95    1.49    1.09 CONTINUE
VIEW/ROTATE    9.61    2.22    1.79 CONTINUE
VIEW/ROTATE    5.55   -3.70    1.67 CONTINUE
VIEW/ROTATE    0.74   -3.72    0.69 CONTINUE
VIEW/ROTATE    0.00   -1.49    0.22 CONTINUE
VIEW/ROTATE    0.00   -1.86    0.27 CONTINUE
VIEW/ROTATE    0.37   -1.12    0.23 CONTINUE
VIEW/ROTATE    0.37   -1.12    0.23 CONTINUE
VIEW/ROTATE    0.37   -1.12    0.23 CONTINUE
VIEW/ROTATE    0.00   -0.37    0.06 CONTINUE
VIEW/ROTATE    0.37    0.00    0.06 CONTINUE
VIEW/ROTATE    1.12   -0.37    0.25 CONTINUE
VIEW/ROTATE    7.44   -3.72    1.84 CONTINUE
VIEW/ROTATE    8.12   -3.69    1.96 CONTINUE
VIEW/ROTATE    6.11   -4.75    2.04 CONTINUE
VIEW/ROTATE    2.62   -2.62    1.05 CONTINUE
VIEW/ROTATE    0.65   -0.65    0.26 CONTINUE
VIEW/ROTATE    0.32    0.00    0.04 CONTINUE
VIEW/ROTATE  -26.77   12.27    2.26 START
VIEW/ROTATE   -0.37    0.00    0.02 CONTINUE
VIEW/ROTATE    0.00   -0.37   -0.03 CONTINUE
VIEW/ROTATE    0.37    0.00   -0.02 CONTINUE
VIEW/ROTATE   -0.74   -0.74   -0.02 CONTINUE
VIEW/ROTATE   -0.74   -1.12   -0.05 CONTINUE
VIEW/ROTATE   -1.12   -1.12   -0.03 CONTINUE
VIEW/ROTATE   -0.74   -1.49   -0.09 CONTINUE
VIEW/ROTATE   -1.12   -0.74    0.00 CONTINUE
VIEW/ROTATE   -5.95   -2.60    0.14 CONTINUE
VIEW/ROTATE   -9.67   -4.46    0.20 CONTINUE
VIEW/ROTATE   -2.23   -3.35   -0.28 CONTINUE
VIEW/ROTATE    0.00   -1.49   -0.22 CONTINUE
VIEW/ROTATE    1.49   -1.49   -0.37 CONTINUE
VIEW/ROTATE    5.95   -8.18   -1.79 CONTINUE
VIEW/ROTATE    7.44  -10.41   -2.26 CONTINUE
VIEW/ROTATE    5.95   -5.20   -1.49 CONTINUE
VIEW/ROTATE    5.20   -5.20   -1.36 CONTINUE
VIEW/ROTATE    2.23   -1.86   -0.56 CONTINUE
VIEW/ROTATE    8.92   -4.46   -2.04 CONTINUE
VIEW/ROTATE   10.41   -3.72   -2.33 CONTINUE
VIEW/ROTATE    6.32   -2.23   -1.41 CONTINUE
VIEW/ROTATE    2.97   -0.74   -0.67 CONTINUE
VIEW/ROTATE    4.83    0.00   -1.12 CONTINUE
VIEW/ROTATE    4.83    0.00   -1.12 CONTINUE
VIEW/ROTATE   11.15    0.00   -2.58 CONTINUE
VIEW/ROTATE    8.98    0.69   -2.30 CONTINUE
VIEW/ROTATE    7.99    1.23   -2.39 CONTINUE
VIEW/ROTATE    2.95    0.88   -1.00 CONTINUE
VIEW/ROTATE    1.18    0.89   -0.50 CONTINUE
VIEW/ROTATE    0.87    0.29   -0.30 CONTINUE
VIEW/ROTATE    1.15    0.58   -0.44 CONTINUE
VIEW/ROTATE    0.86    0.57   -0.36 CONTINUE
VIEW/ROTATE    0.29    0.88   -0.27 CONTINUE
VIEW/ROTATE    0.00    0.60   -0.13 CONTINUE
VIEW/ROTATE    0.00    0.30   -0.06 CONTINUE
VIEW/ROTATE    0.00    2.27   -0.45 CONTINUE
VIEW/ROTATE    0.00    0.66   -0.13 CONTINUE
VIEW/ROTATE    0.00    0.33   -0.06 CONTINUE
VIEW/ROTATE    0.00    0.34   -0.06 CONTINUE
VIEW/ROTATE   -0.34    0.34    0.01 CONTINUE
VIEW/ROTATE    0.00    0.34   -0.06 CONTINUE
VIEW/ROTATE   -0.35    0.00    0.07 CONTINUE
VIEW/ROTATE    0.00    0.35   -0.06 CONTINUE
VIEW/ROTATE   -0.36    0.36    0.01 CONTINUE
VIEW/ROTATE   -0.36    0.36    0.01 CONTINUE
VIEW/ROTATE    0.36    0.00   -0.07 CONTINUE
VIEW/ROTATE  -35.69   42.38   -3.09 START
VIEW/ROTATE   -4.09    5.20   -0.41 CONTINUE
VIEW/ROTATE   -1.12    1.86   -0.17 CONTINUE
VIEW/ROTATE   -1.12    2.23   -0.22 CONTINUE
VIEW/ROTATE   -1.12    2.97   -0.32 CONTINUE
VIEW/ROTATE   -1.86    5.20   -0.56 CONTINUE
VIEW/ROTATE   -0.74    1.49   -0.15 CONTINUE
VIEW/ROTATE   -1.12    1.12   -0.09 CONTINUE
VIEW/ROTATE   -6.69    8.18   -0.74 CONTINUE
VIEW/ROTATE   -8.92    9.67   -0.87 CONTINUE
VIEW/ROTATE   -2.60    1.49   -0.16 CONTINUE
VIEW/ROTATE   -0.74    0.37   -0.04 CONTINUE
VIEW/ROTATE   -0.37    0.00   -0.01 CONTINUE
VIEW/ROTATE   -0.37    0.00   -0.01 CONTINUE
VIEW/ROTATE   -1.86   -0.74   -0.01 CONTINUE
VIEW/ROTATE    0.00   -0.74    0.04 CONTINUE
VIEW/ROTATE    1.86   -4.09    0.26 CONTINUE
VIEW/ROTATE    2.60   -5.95    0.37 CONTINUE
VIEW/ROTATE   10.41   -8.18    0.46 CONTINUE
VIEW/ROTATE    5.20   -6.69    0.48 CONTINUE
VIEW/ROTATE    5.20   -8.92    0.73 CONTINUE
VIEW/ROTATE    5.20   -8.18    0.64 CONTINUE
VIEW/ROTATE    3.72   -5.20    0.36 CONTINUE
VIEW/ROTATE    2.23   -2.97    0.20 CONTINUE
VIEW/ROTATE    0.37   -0.37    0.01 CONTINUE
VIEW/ROTATE    0.37    0.00   -0.05 CONTINUE
VIEW/ROTATE    0.00   -0.37    0.06 CONTINUE
VIEW/ROTATE   -0.37    0.00    0.05 CONTINUE
VIEW/ROTATE   -0.74    0.37    0.04 CONTINUE
VIEW/ROTATE   -5.20    4.46   -0.04 CONTINUE
VIEW/ROTATE   -3.72    2.97    0.00 CONTINUE
VIEW/ROTATE   -1.12    0.74    0.02 CONTINUE
VIEW/ROTATE   -0.37    0.00    0.04 CONTINUE
VIEW/ROTATE   -0.74    0.37    0.03 CONTINUE
VIEW/ROTATE   -1.49    0.74    0.06 CONTINUE
VIEW/ROTATE   -1.86    1.12    0.05 CONTINUE
VIEW/ROTATE   -1.12    0.00    0.11 CONTINUE
VIEW/ROTATE   -0.74    0.37    0.03 CONTINUE
VIEW/ROTATE   -0.37    0.37   -0.01 CONTINUE
VIEW/ROTATE   -0.37    0.00    0.04 CONTINUE
VIEW/ROTATE    0.00    0.37   -0.04 CONTINUE
VIEW/ROTATE    0.37    0.00   -0.04 CONTINUE
VIEW/ROTATE    0.37   -0.37    0.01 CONTINUE
VIEW/ROTATE    2.97   -2.23   -0.04 CONTINUE
VIEW/ROTATE    2.23   -1.86    0.00 CONTINUE
VIEW/ROTATE    2.97   -5.95    0.43 CONTINUE
VIEW/ROTATE    0.37   -0.74    0.05 CONTINUE
VIEW/ROTATE   -0.37    0.00    0.05 CONTINUE
VIEW/ROTATE    0.00    0.37   -0.05 CONTINUE
VIEW/ROTATE   -1.12    1.12   -0.01 CONTINUE
VIEW/ROTATE   -0.74    0.37    0.04 CONTINUE
VIEW/ROTATE    0.00    0.37   -0.05 CONTINUE
VIEW/ROTATE   -0.37    0.00    0.05 CONTINUE
VIEW/ROTATE   -0.74    0.37    0.04 CONTINUE
VIEW/ROTATE   -8.18    2.97    0.61 CONTINUE
VIEW/ROTATE   -7.44    3.72    0.45 CONTINUE
VIEW/ROTATE   -2.60    1.12    0.17 CONTINUE
VIEW/ROTATE   -0.74    0.74    0.02 CONTINUE
VIEW/ROTATE   -1.12    0.74    0.05 CONTINUE
VIEW/ROTATE    0.00    0.37   -0.02 CONTINUE
VIEW/ROTATE   -0.37    0.00    0.03 CONTINUE
VIEW/ROTATE   -0.37    0.37    0.01 CONTINUE
VIEW/ROTATE    0.00    0.37   -0.02 CONTINUE
VIEW/ROTATE   -0.37    0.37    0.01 CONTINUE
VIEW/ROTATE   -0.37    0.37    0.01 CONTINUE
SELECT/BOX RESTART 0.52 50.74 -3.04 7.89 11.47 -6.67 0.35 0.15 0.68
VIEW/ROTATE    0.00    0.00    8.13 START
VIEW/ROTATE    0.00    0.00    0.10 CONTINUE
VIEW/ROTATE    0.00    0.00    0.19 CONTINUE
VIEW/ROTATE    0.00    0.00    0.58 CONTINUE
VIEW/ROTATE    0.04   -0.12    2.10 CONTINUE
VIEW/ROTATE    0.48   -3.06    4.28 CONTINUE
VIEW/ROTATE    0.29   -1.16    1.43 CONTINUE
VIEW/ROTATE    0.10   -0.41    0.48 CONTINUE
VIEW/ROTATE    0.00   -0.68    0.62 CONTINUE
VIEW/ROTATE   -1.55   -2.42    0.91 CONTINUE
VIEW/ROTATE   -9.27   -4.94   -0.02 CONTINUE
VIEW/ROTATE  -12.64   -3.72   -0.73 CONTINUE
VIEW/ROTATE  -20.08   -6.69   -1.01 CONTINUE
VIEW/ROTATE   -9.67   -3.72   -0.42 CONTINUE
VIEW/ROTATE   -5.20    0.00   -0.44 CONTINUE
VIEW/ROTATE   -8.18    2.23   -0.89 CONTINUE
VIEW/ROTATE   -7.44    0.74   -0.73 CONTINUE
VIEW/ROTATE   -9.29    0.74   -0.90 CONTINUE
VIEW/ROTATE   -1.49    0.74   -0.15 CONTINUE
VIEW/ROTATE   -0.37    0.37   -0.04 CONTINUE
VIEW/ROTATE   -0.37    0.74   -0.04 CONTINUE
VIEW/ROTATE   -1.49    1.49   -0.16 CONTINUE
VIEW/ROTATE   -1.86    1.86   -0.21 CONTINUE
VIEW/ROTATE   -0.74    2.23   -0.08 CONTINUE
VIEW/ROTATE   -2.23    6.32   -0.25 CONTINUE
VIEW/ROTATE   -2.23    8.18   -0.23 CONTINUE
VIEW/ROTATE   -0.74    5.95   -0.02 CONTINUE
VIEW/ROTATE   -1.12    2.97   -0.15 CONTINUE
VIEW/ROTATE   -0.37    0.37   -0.06 CONTINUE
VIEW/ROTATE    0.00    0.74    0.02 CONTINUE
VIEW/ROTATE   -0.37    0.00   -0.07 CONTINUE
VIEW/ROTATE   -0.37    0.00   -0.07 CONTINUE
VIEW/ROTATE   -0.37    0.37   -0.06 CONTINUE
VIEW/ROTATE   -1.49    0.37   -0.28 CONTINUE
VIEW/ROTATE   -1.12    0.37   -0.21 CONTINUE
VIEW/ROTATE  -17.65   12.84    2.25 START
VIEW/ROTATE   -6.90    5.64    0.41 CONTINUE
VIEW/ROTATE   -6.69    7.44   -0.01 CONTINUE
VIEW/ROTATE   -2.23    2.60   -0.02 CONTINUE
VIEW/ROTATE   -1.49    1.12    0.08 CONTINUE
VIEW/ROTATE   -0.74    0.74    0.01 CONTINUE
VIEW/ROTATE   -0.74    1.49   -0.10 CONTINUE
VIEW/ROTATE   -0.74    0.74    0.01 CONTINUE
VIEW/ROTATE   -0.37    0.74   -0.05 CONTINUE
VIEW/ROTATE   -1.12    3.72   -0.35 CONTINUE
VIEW/ROTATE    1.49    9.67   -1.52 CONTINUE
VIEW/ROTATE    6.69    8.92   -2.00 CONTINUE
VIEW/ROTATE    7.44    2.23   -0.99 CONTINUE
VIEW/ROTATE   11.15    2.23   -1.28 CONTINUE
VIEW/ROTATE    6.69    0.00   -0.48 CONTINUE
VIEW/ROTATE    3.68   -0.67   -0.11 CONTINUE
VIEW/ROTATE    1.27   -0.63    0.08 CONTINUE
VIEW/ROTATE    0.31   -0.62    0.16 CONTINUE
VIEW/ROTATE    0.89   -0.59    0.10 CONTINUE
VIEW/ROTATE    1.12   -0.56    0.07 CONTINUE
VIEW/ROTATE    2.52   -3.78    1.39 CONTINUE
VIEW/ROTATE    1.45   -1.77    0.79 CONTINUE
VIEW/ROTATE    0.98   -1.31    0.89 CONTINUE
VIEW/ROTATE    0.10   -0.20    0.17 CONTINUE
VIEW/ROTATE    0.00   -0.29    0.33 CONTINUE
VIEW/ROTATE   -0.09   -0.54    0.71 CONTINUE
VIEW/ROTATE   -0.17   -0.67    0.99 CONTINUE
VIEW/ROTATE    0.00   -0.37    0.55 CONTINUE
VIEW/ROTATE   -0.07   -0.15    0.28 CONTINUE
VIEW/ROTATE   -0.13   -0.52    0.99 CONTINUE
VIEW/ROTATE   -0.37   -0.74    1.67 CONTINUE
VIEW/ROTATE   -0.80   -1.26    3.26 CONTINUE
VIEW/ROTATE   -0.91   -0.91    2.46 CONTINUE
VIEW/ROTATE   -0.27   -0.27    0.70 CONTINUE
VIEW/ROTATE   -0.14   -0.07    0.26 CONTINUE
VIEW/ROTATE   -0.07    0.00    0.08 CONTINUE
VIEW/ROTATE   -0.16    0.00    0.17 CONTINUE
VIEW/ROTATE   -0.58    0.00    0.50 CONTINUE
VIEW/ROTATE   -0.68    0.00    0.50 CONTINUE
VIEW/ROTATE   -0.64    0.00    0.42 CONTINUE
VIEW/ROTATE   -0.57    0.14    0.25 CONTINUE
VIEW/ROTATE   -0.46    0.15    0.17 CONTINUE
VIEW/ROTATE   -1.14    1.33   -0.06 CONTINUE
VIEW/ROTATE   -0.64    1.06   -0.15 CONTINUE
VIEW/ROTATE   -0.45    0.45    0.00 CONTINUE
VIEW/ROTATE   -2.37    1.32    0.32 CONTINUE
VIEW/ROTATE   -1.73    0.87    0.24 CONTINUE
VIEW/ROTATE   -0.91    0.61    0.08 CONTINUE
VIEW/ROTATE   -0.95    0.63    0.08 CONTINUE
VIEW/ROTATE   -0.65    0.33    0.08 CONTINUE
VIEW/ROTATE   -0.67    0.67    0.01 CONTINUE
VIEW/ROTATE   -0.70    1.05   -0.05 CONTINUE
VIEW/ROTATE   -1.47    0.73    0.15 CONTINUE
VIEW/ROTATE   -1.12    0.37    0.14 CONTINUE
VIEW/ROTATE   -1.49    0.37    0.21 CONTINUE
VIEW/ROTATE   -2.23    0.37    0.35 CONTINUE
VIEW/ROTATE   -2.97    0.74    0.43 CONTINUE
VIEW/ROTATE  -11.15    2.23    1.68 CONTINUE
VIEW/ROTATE  -10.41    3.72    1.39 CONTINUE
VIEW/ROTATE   -2.60    1.12    0.33 CONTINUE
VIEW/ROTATE   -0.74    0.37    0.09 CONTINUE
VIEW/ROTATE   -0.74    0.37    0.09 CONTINUE
VIEW/ROTATE   -1.12    0.74    0.12 CONTINUE
VIEW/ROTATE   -0.37    0.37    0.03 CONTINUE
VIEW/ROTATE   -0.74    0.00    0.11 CONTINUE
VIEW/ROTATE   -0.37    0.00    0.06 CONTINUE
VIEW/ROTATE   -0.74    0.37    0.09 CONTINUE
VIEW/ROTATE   -0.74    0.37    0.09 CONTINUE
VIEW/ROTATE   -1.86    1.12    0.22 CONTINUE
VIEW/ROTATE   -5.20    1.86    0.67 CONTINUE
VIEW/ROTATE   -2.97    1.12    0.38 CONTINUE
VIEW/ROTATE   -1.86    0.74    0.24 CONTINUE
VIEW/ROTATE   -3.72    1.49    0.48 CONTINUE
VIEW/ROTATE   -7.44    2.23    0.96 CONTINUE
VIEW/ROTATE   -7.44    3.72    0.98 CONTINUE
VIEW/ROTATE   -7.44    2.97    0.95 CONTINUE
VIEW/ROTATE   -9.67    5.95    1.36 CONTINUE
VIEW/ROTATE   -4.83    3.72    0.75 CONTINUE
VIEW/ROTATE   -2.97    2.23    0.45 CONTINUE
VIEW/ROTATE   -1.49    0.74    0.19 CONTINUE
VIEW/ROTATE   -0.74    0.37    0.09 CONTINUE
VIEW/ROTATE   -1.49    0.37    0.14 CONTINUE
VIEW/ROTATE   -5.20    3.35    0.75 CONTINUE
VIEW/ROTATE   -3.72    4.46    0.82 CONTINUE
VIEW/ROTATE   -5.20    4.09    0.82 CONTINUE
VIEW/ROTATE   -0.74    0.74    0.14 CONTINUE
VIEW/ROTATE   -0.37    0.37    0.07 CONTINUE
VIEW/ROTATE    0.00    0.37    0.06 CONTINUE
VIEW/ROTATE   -0.37    0.00    0.01 CONTINUE
VIEW/ROTATE   -0.37    0.00    0.01 CONTINUE
VIEW/ROTATE   -0.37    0.00    0.01 CONTINUE
VIEW/ROTATE   -0.37    0.37    0.07 CONTINUE
VIEW/ROTATE   -0.74    0.37    0.08 CONTINUE
VIEW/ROTATE   -0.37    0.37    0.07 CONTINUE
VIEW/ROTATE   -0.74    1.12    0.21 CONTINUE
VIEW/ROTATE   -1.12    1.12    0.22 CONTINUE
VIEW/ROTATE   -0.74    1.49    0.28 CONTINUE
VIEW/ROTATE   -4.46    9.67    1.82 CONTINUE
VIEW/ROTATE   -4.46   10.41    1.97 CONTINUE
VIEW/ROTATE   -2.97   10.41    2.05 CONTINUE
VIEW/ROTATE    0.00    1.86    0.41 CONTINUE
VIEW/ROTATE    0.00   -0.37   -0.08 CONTINUE
VIEW/ROTATE    0.37    0.00    0.03 CONTINUE
VIEW/ROTATE    0.00   -0.37   -0.08 CONTINUE
VIEW/ROTATE    0.37   -0.37   -0.05 CONTINUE
VIEW/ROTATE    1.12   -0.37    0.01 CONTINUE
VIEW/ROTATE    0.74   -1.86   -0.34 CONTINUE
VIEW/ROTATE    0.74   -1.49   -0.26 CONTINUE
VIEW/ROTATE    0.37   -0.37   -0.05 CONTINUE
VIEW/ROTATE    0.37   -1.12   -0.21 CONTINUE
VIEW/ROTATE    0.37   -0.37   -0.05 CONTINUE
VIEW/ROTATE   -0.37    0.00   -0.03 CONTINUE
VIEW/ROTATE    0.00    0.37    0.08 CONTINUE
VIEW/ROTATE    0.37    0.00    0.03 CONTINUE
VIEW/ROTATE    0.37    0.00    0.03 CONTINUE
VIEW/ROTATE    0.74    0.00    0.05 CONTINUE
VIEW/ROTATE    1.12    0.37    0.15 CONTINUE
VIEW/ROTATE    7.44    0.00    0.52 CONTINUE
VIEW/ROTATE   11.90   -2.97    0.30 CONTINUE
VIEW/ROTATE    9.67   -3.72    0.06 CONTINUE
VIEW/ROTATE    5.20   -1.49    0.09 CONTINUE
VIEW/ROTATE    5.58   -1.49    0.11 CONTINUE
VIEW/ROTATE    5.20   -1.49    0.09 CONTINUE
VIEW/ROTATE    0.74   -0.74   -0.02 CONTINUE
############################################################
# Log closed Thu Jul  6 12:03:18 2006
############################################################
