./a010/dmm/a000     dVpot/dlambda                 170.1    23.7141    23.4822 0.00603186    11.4606
./a010/dmm/a004     dVpot/dlambda               213.867    46.2887    46.1421 0.00671299    12.7547
./a010/dmm/a008     dVpot/dlambda               205.076    54.4434    54.3816 -0.00472526   -8.97801
./a010/dmm/a012     dVpot/dlambda               177.046    51.9109     51.733 0.00783008    14.8772
./a010/dmm/a016     dVpot/dlambda               137.386    45.9592     45.759  0.0078129    14.8445
./a010/dmm/a020     dVpot/dlambda               115.567    40.3001    40.2977 -0.00080621    -1.5318
./a010/dmm/a024     dVpot/dlambda               91.1488     36.963    36.2703 -0.0129857   -24.6729
./a010/dmm/a028     dVpot/dlambda               72.8568    34.1139      34.06 -0.00349394   -6.63849
./a010/dmm/a032     dVpot/dlambda                62.888    33.0026    32.9889 -0.00173375   -3.29413
./a010/dmm/a036     dVpot/dlambda               52.9289    32.7101    32.6795 0.00258104    4.90398
./a010/dmm/a040     dVpot/dlambda               44.4637    33.5676    33.5105 0.00356936    6.78179
./a010/dmm/a044     dVpot/dlambda               35.9982    35.5554    35.5488 0.00125288    2.38047
./a010/dmm/a048     dVpot/dlambda               26.6317    37.9867    37.8979 0.00473415     8.9949
./a010/dmm/a052     dVpot/dlambda               22.0621    41.7844    41.7718 -0.00187241   -3.55759
./a010/dmm/a056     dVpot/dlambda                8.9434    46.2062    46.2042 -0.000776051    -1.4745
./a010/dmm/a060     dVpot/dlambda             -0.708557    50.4324     50.416 -0.00234784    -4.4609
./a010/dmm/a064     dVpot/dlambda              -13.2577    57.6191    57.5632 -0.00462768   -8.79261
./a010/dmm/a068     dVpot/dlambda              -32.2316    66.0931    66.0789 -0.00249689    -4.7441
./a010/dmm/a072     dVpot/dlambda              -51.0423    72.9886    72.9815 0.00186078    3.53549
./a010/dmm/a076     dVpot/dlambda              -76.9896    81.4643    81.4049 -0.00567389   -10.7804
./a010/dmm/a080     dVpot/dlambda              -128.485     99.909      99.89 -0.00355735   -6.75897
./a010/dmm/a084     dVpot/dlambda              -171.471    86.5812    86.4741 -0.00785001    -14.915
./a010/dmm/a088     dVpot/dlambda              -148.605    60.2644    60.1912 -0.00541385   -10.2863
./a010/dmm/a092     dVpot/dlambda              -105.807    44.4804     44.459 0.00251457    4.77768
./a010/dmm/a096     dVpot/dlambda              -48.7087    32.1175    32.1008 -0.00188794   -3.58708
./a010/dmm/a100     dVpot/dlambda               1.08997    21.3221    21.3187 -0.00069021    -1.3114
./a010/water/a000     dVpot/dlambda               77.1106    15.6881     15.688 -8.8401e-05  -0.167962
./a010/water/a004     dVpot/dlambda               114.348    36.6097    36.6093 0.000311394   0.591648
./a010/water/a008     dVpot/dlambda               113.018    49.1051    49.0901 -0.00220871   -4.19656
./a010/water/a012     dVpot/dlambda               86.7552    56.9143      56.91 -0.0012797   -2.43144
./a010/water/a016     dVpot/dlambda               51.5069    58.2672     58.251 0.00250106    4.75202
./a010/water/a020     dVpot/dlambda               32.3649    47.1727    47.1718 0.000550611    1.04616
./a010/water/a024     dVpot/dlambda               22.2509    38.8732    38.8711 0.000738569    1.40328
./a010/water/a028     dVpot/dlambda               17.8094    33.0213    33.0212 -0.000167012  -0.317323
./a010/water/a032     dVpot/dlambda               13.5805    28.7499    28.7496 -0.000230573  -0.438089
./a010/water/a036     dVpot/dlambda                10.368    26.1025    26.0953 -0.00112018   -2.12834
./a010/water/a040     dVpot/dlambda               7.69986     24.581    24.5797 0.000461779   0.877381
./a010/water/a044     dVpot/dlambda                6.5464    23.7558    23.7539 -0.00054798   -1.04116
./a010/water/a048     dVpot/dlambda                4.0314    24.6723    24.6719 -0.000262925  -0.499558
./a010/water/a052     dVpot/dlambda               2.09736    26.3561    26.3551 0.000406457   0.772269
./a010/water/a056     dVpot/dlambda              -1.33641    31.2077    31.2009 0.00118372    2.24906
./a010/water/a060     dVpot/dlambda              -13.8245    48.5266    48.5214 0.00129799    2.46618
./a010/water/a064     dVpot/dlambda              -39.4208    59.0374    59.0303 -0.00167174   -3.17632
./a010/water/a068     dVpot/dlambda              -45.0397    44.0855    44.0821 -0.000990216   -1.88141
./a010/water/a072     dVpot/dlambda              -29.9832    30.4439    30.4439 -1.8935e-05 -0.0359765
./a010/water/a076     dVpot/dlambda              -10.6195    20.8629    20.8563 0.000956079    1.81655
./a010/water/a080     dVpot/dlambda                7.6696    15.2861    15.2859 0.000150025   0.285048
./a010/water/a084     dVpot/dlambda               23.4418    12.3717    12.3698 0.00039065   0.742235
./a010/water/a088     dVpot/dlambda               36.4356    11.1864    11.1779 0.00079301    1.50672
./a010/water/a092     dVpot/dlambda               45.8703    12.2959    12.2939 0.000406646   0.772629
./a010/water/a096     dVpot/dlambda               52.9277    13.9367     13.936 0.000254173   0.482929
./a010/water/a100     dVpot/dlambda               58.0491    15.4681    15.4681 -3.76031e-05  -0.071446
./a030/dmm/a000     dVpot/dlambda               169.877    24.5258    24.5239 0.00055983    1.06368
./a030/dmm/a004     dVpot/dlambda               204.256    46.6279    46.0358  0.0135046    25.6588
./a030/dmm/a008     dVpot/dlambda               193.843    55.2618    55.0307 0.00920491    17.4893
./a030/dmm/a012     dVpot/dlambda               156.632    55.9153    51.6749 -0.0389428   -73.9914
./a030/dmm/a016     dVpot/dlambda               127.133    44.0932    43.7452 -0.0100799   -19.1519
./a030/dmm/a020     dVpot/dlambda               97.2257     33.606    33.2547 -0.00883593   -16.7883
./a030/dmm/a024     dVpot/dlambda               86.6045    32.8662    32.8223 -0.00309571   -5.88185
./a030/dmm/a028     dVpot/dlambda               75.9516    29.7147    29.7019 0.00158841    3.01799
./a030/dmm/a032     dVpot/dlambda               65.2933    30.3462    30.3447 -0.000542999    -1.0317
./a030/dmm/a036     dVpot/dlambda               58.3506     30.118    30.1163 -0.000581492   -1.10484
./a030/dmm/a040     dVpot/dlambda                49.146     31.802    31.6964 -0.00472183   -8.97148
./a030/dmm/a044     dVpot/dlambda               42.2664    34.3686    34.2772 0.00456629    8.67596
./a030/dmm/a048     dVpot/dlambda               36.0608     37.647    37.6426 0.00104136    1.97859
./a030/dmm/a052     dVpot/dlambda               27.5472    41.0845    40.8827 0.00741464    14.0878
./a030/dmm/a056     dVpot/dlambda               21.7446    44.7199    44.7138   0.001345     2.5555
./a030/dmm/a060     dVpot/dlambda               11.3258    49.6233    49.6138 -0.00176855   -3.36025
./a030/dmm/a064     dVpot/dlambda             -0.594514    55.5458    55.5454 0.000388678   0.738489
./a030/dmm/a068     dVpot/dlambda              -12.0101    61.1636    60.9322 0.00969241    18.4156
./a030/dmm/a072     dVpot/dlambda              -45.7136    73.3564    73.2986 0.00530837    10.0859
./a030/dmm/a076     dVpot/dlambda              -74.0144    85.2261     85.167 0.00578715    10.9956
./a030/dmm/a080     dVpot/dlambda              -100.772    94.4755    94.2055  0.0130137     24.726
./a030/dmm/a084     dVpot/dlambda              -161.748    92.1002    92.0631 -0.00477182   -9.06648
./a030/dmm/a088     dVpot/dlambda              -150.394    68.0576    68.0554  0.0010133    1.92528
./a030/dmm/a092     dVpot/dlambda              -104.278    50.8938    50.8566 0.00354769    6.74061
./a030/dmm/a096     dVpot/dlambda              -49.8448    36.0299    36.0246 0.00112183    2.13149
./a030/dmm/a100     dVpot/dlambda            -0.0214507    27.1076     27.107 0.000330344   0.627655
./a030/water/a000     dVpot/dlambda               77.0915    15.7815    15.7788 -0.000524799  -0.997119
./a030/water/a004     dVpot/dlambda               112.824    37.1115    37.1083 -0.000882153   -1.67609
./a030/water/a008     dVpot/dlambda               114.048    49.3268    49.3216  0.0013015    2.47285
./a030/water/a012     dVpot/dlambda                 86.86    58.6962    58.6858 0.00201756    3.83337
./a030/water/a016     dVpot/dlambda               52.4162    56.4669    56.4652 -0.000795841    -1.5121
./a030/water/a020     dVpot/dlambda               33.8581    45.9039    45.9014 0.000887079    1.68545
./a030/water/a024     dVpot/dlambda               23.6041    37.8995    37.8988 0.000418946   0.795999
./a030/water/a028     dVpot/dlambda               18.7675    32.2639    32.2632 0.000395332   0.751131
./a030/water/a032     dVpot/dlambda               14.2508    28.7293    28.7273 0.000617927    1.17406
./a030/water/a036     dVpot/dlambda               12.1476     25.578     25.578 -4.38678e-05 -0.0833489
./a030/water/a040     dVpot/dlambda               9.25075     24.159    24.1569 -0.000588235   -1.11765
./a030/water/a044     dVpot/dlambda               7.38566    23.2754    23.2739 0.000490215    0.93141
./a030/water/a048     dVpot/dlambda               5.83199     24.068    24.0623 -0.000956778   -1.81788
./a030/water/a052     dVpot/dlambda               2.87134    26.1091    26.1074 0.000550265    1.04551
./a030/water/a056     dVpot/dlambda             -0.832892    31.1467    31.1444 0.00068738    1.30602
./a030/water/a060     dVpot/dlambda              -12.2122     47.752    47.7347 0.00234597    4.45734
./a030/water/a064     dVpot/dlambda              -35.4857    57.9665    57.9505 0.00248593    4.72328
./a030/water/a068     dVpot/dlambda                -42.74    44.4391    44.4346 -0.0011566   -2.19755
./a030/water/a072     dVpot/dlambda              -29.5359    30.7335    30.7297 -0.0008791   -1.67029
./a030/water/a076     dVpot/dlambda              -11.5415    21.0952    21.0935 0.000478922   0.909952
./a030/water/a080     dVpot/dlambda               5.60419     16.341    16.3405 0.000248344   0.471854
./a030/water/a084     dVpot/dlambda               20.4135    14.8597    14.8572 -0.000496838  -0.943993
./a030/water/a088     dVpot/dlambda               32.5522    14.4266     14.423 -0.000585048   -1.11159
./a030/water/a092     dVpot/dlambda               39.8055    17.3848    17.3716 -0.00123713   -2.35056
./a030/water/a096     dVpot/dlambda               44.5892    19.5685    19.5164 -0.00260302   -4.94575
./a030/water/a100     dVpot/dlambda               44.3363    21.7671    21.7563 -0.00125232   -2.37941
./a035/dmm/a000     dVpot/dlambda               166.343    24.6051    24.5891 -0.00161913   -3.07635
./a035/dmm/a004     dVpot/dlambda                200.31     47.075    46.8766 0.00787133    14.9555
./a035/dmm/a008     dVpot/dlambda               198.763    55.6573    55.4198 0.00936558    17.7946
./a035/dmm/a012     dVpot/dlambda               161.796    52.2162    51.2027 -0.0186652    -35.464
./a035/dmm/a016     dVpot/dlambda               120.741    41.9416      41.94 -0.00067782   -1.28786
./a035/dmm/a020     dVpot/dlambda               105.225    37.4486    37.2201 0.00753097    14.3089
./a035/dmm/a024     dVpot/dlambda               84.5624    29.5383    29.2251 -0.00782237   -14.8625
./a035/dmm/a028     dVpot/dlambda               72.5003    29.7834      29.74 -0.00293052     -5.568
./a035/dmm/a032     dVpot/dlambda               62.7726    30.0327    30.0049 -0.00235572   -4.47587
./a035/dmm/a036     dVpot/dlambda               55.3858    30.1982    30.1982 -8.83612e-05  -0.167886
./a035/dmm/a040     dVpot/dlambda               50.5304    32.5672    32.5364 0.00258191    4.90563
./a035/dmm/a044     dVpot/dlambda               46.6132    34.1875    34.1394 -0.00330526      -6.28
./a035/dmm/a048     dVpot/dlambda               36.1481    37.6778    37.6727 0.00113121     2.1493
./a035/dmm/a052     dVpot/dlambda               27.3964    41.2185    41.2153 0.000926459    1.76027
./a035/dmm/a056     dVpot/dlambda               17.1444    46.2923     46.269 -0.00267608   -5.08456
./a035/dmm/a060     dVpot/dlambda                12.498    50.6074     50.522 -0.0053586   -10.1814
./a035/dmm/a064     dVpot/dlambda              -5.93351    56.8403    56.8379 -0.00095747   -1.81919
./a035/dmm/a068     dVpot/dlambda              -15.8119    62.7266    62.5128 -0.00943556   -17.9276
./a035/dmm/a072     dVpot/dlambda              -37.7847    71.3691    71.2735 0.00673325    12.7932
./a035/dmm/a076     dVpot/dlambda              -66.0859    84.6674    84.3614 -0.0131131   -24.9149
./a035/dmm/a080     dVpot/dlambda               -111.12    93.3794    93.3486 -0.00436956   -8.30217
./a035/dmm/a084     dVpot/dlambda               -147.87    98.9284    98.6278  0.0140502    26.6955
./a035/dmm/a088     dVpot/dlambda              -145.741    70.8052    70.7012 0.00699423    13.2891
./a035/dmm/a092     dVpot/dlambda              -108.243    52.7023    52.6697 0.00338023    6.42245
./a035/dmm/a096     dVpot/dlambda              -51.2922    38.4505    38.3288 0.00557307    10.5888
./a035/dmm/a100     dVpot/dlambda               0.30506    26.5423    26.5318 -0.00135909   -2.58228
./a035/water/a000     dVpot/dlambda                77.388    15.5315    15.5272 -0.000671986   -1.27677
./a035/water/a004     dVpot/dlambda               111.106    35.9552     35.949 -0.00121742    -2.3131
./a035/water/a008     dVpot/dlambda               112.394    50.7184    50.7117 -0.00150562   -2.86068
./a035/water/a012     dVpot/dlambda               86.3684    59.3532    59.3257 -0.00329178    -6.2544
./a035/water/a016     dVpot/dlambda               54.8498    56.9397     56.917 -0.00293176   -5.57035
./a035/water/a020     dVpot/dlambda               35.9825    45.9428    45.9427 0.000155171   0.294825
./a035/water/a024     dVpot/dlambda               26.5549     38.225    38.2065 -0.00216721    -4.1177
./a035/water/a028     dVpot/dlambda               21.2991    32.6675     32.667 0.000335801   0.638022
./a035/water/a032     dVpot/dlambda               16.7968    28.7844    28.7835 -0.000401164  -0.762213
./a035/water/a036     dVpot/dlambda               13.7525    25.5381    25.5347 0.000757624    1.43949
./a035/water/a040     dVpot/dlambda                10.537    24.4921    24.4882 0.000800006    1.52001
./a035/water/a044     dVpot/dlambda               9.26396    24.2475    24.2465 0.00040828   0.775734
./a035/water/a048     dVpot/dlambda               6.24986    24.8404    24.8363 -0.000824136   -1.56586
./a035/water/a052     dVpot/dlambda               3.70177    26.7059    26.7058 -0.000125422  -0.238302
./a035/water/a056     dVpot/dlambda              -1.65505    35.5532    35.5141 0.00304213    5.78005
./a035/water/a060     dVpot/dlambda              -11.5777    46.8689    46.8688 -0.000178287  -0.338745
./a035/water/a064     dVpot/dlambda              -37.6621    58.9779    58.9153 0.00495235    9.40947
./a035/water/a068     dVpot/dlambda              -46.6104    44.8099    44.8069 0.000943754    1.79313
./a035/water/a072     dVpot/dlambda              -33.0819    30.2401    30.2391 0.000455203   0.864887
./a035/water/a076     dVpot/dlambda              -13.0391    21.7415    21.7409 0.00030513   0.579748
./a035/water/a080     dVpot/dlambda                5.1544    16.7714    16.7669 -0.000711183   -1.35125
./a035/water/a084     dVpot/dlambda               19.0159    16.5645    16.5612 -0.000595861   -1.13214
./a035/water/a088     dVpot/dlambda               29.6768    17.4539    17.4526 0.000390368     0.7417
./a035/water/a092     dVpot/dlambda               37.5045    19.1683    19.1552  0.0012917    2.45424
./a035/water/a096     dVpot/dlambda               41.2302    21.5528    21.5454 -0.00102356   -1.94476
./a035/water/a100     dVpot/dlambda               41.9406    23.4583    23.4421 0.00158982    3.02066
./a040/dmm/a000     dVpot/dlambda               166.561    23.8888     23.733 -0.00496573   -9.43489
./a040/dmm/a004     dVpot/dlambda               199.429      47.14    46.6934  0.0118018    22.4234
./a040/dmm/a008     dVpot/dlambda               195.121    55.6199      55.62 1.29977e-05  0.0246956
./a040/dmm/a012     dVpot/dlambda               155.076    50.6545    50.3095   0.010759    20.4422
./a040/dmm/a016     dVpot/dlambda               116.692    39.9083    39.8961 0.00179591    3.41223
./a040/dmm/a020     dVpot/dlambda               97.6314    32.2887    32.2835 -0.00105774   -2.00972
./a040/dmm/a024     dVpot/dlambda               88.9203     34.366    34.3068 -0.00367427   -6.98113
./a040/dmm/a028     dVpot/dlambda               73.6495    27.8274    27.7492 -0.00380086   -7.22164
./a040/dmm/a032     dVpot/dlambda               66.0852    27.7843    27.7842 0.000143794   0.273208
./a040/dmm/a036     dVpot/dlambda               58.1726     29.567    29.5664 -0.000349027  -0.663152
./a040/dmm/a040     dVpot/dlambda               48.1049    32.1507    32.0283 0.00511016    9.70931
./a040/dmm/a044     dVpot/dlambda               44.7011    34.5031    34.4891 0.00179292    3.40656
./a040/dmm/a048     dVpot/dlambda               38.2026    37.3822    37.3664 0.00198295    3.76762
./a040/dmm/a052     dVpot/dlambda               29.4373    41.3003    41.2926 0.00145023    2.75544
./a040/dmm/a056     dVpot/dlambda               22.8935    44.6748    44.6658 -0.00163547   -3.10739
./a040/dmm/a060     dVpot/dlambda               14.0125    49.4308    49.4191 -0.00196681   -3.73694
./a040/dmm/a064     dVpot/dlambda               1.01145    55.1439    54.8724 -0.00996428   -18.9321
./a040/dmm/a068     dVpot/dlambda              -18.1361    64.2029    64.1539 0.00457302    8.68875
./a040/dmm/a072     dVpot/dlambda              -36.1437    70.3963     70.363 -0.00394346   -7.49258
./a040/dmm/a076     dVpot/dlambda                -60.84    78.1116     77.932 0.00965118    18.3373
./a040/dmm/a080     dVpot/dlambda              -111.444    93.3757    92.9664 -0.0159228   -30.2534
./a040/dmm/a084     dVpot/dlambda                -136.1    94.1735    94.1271 0.00538682     10.235
./a040/dmm/a088     dVpot/dlambda              -142.543    74.5928    74.5183 -0.00607974   -11.5515
./a040/dmm/a092     dVpot/dlambda                  -110    55.7174    55.7093 -0.00173322   -3.29312
./a040/dmm/a096     dVpot/dlambda              -56.1798    41.2246    41.1674 0.00395703    7.51836
./a040/dmm/a100     dVpot/dlambda             -0.695441    29.2939    29.2801 -0.00163987   -3.11575
./a040/water/a000     dVpot/dlambda               76.4298    15.6147    15.6147 -8.60486e-05  -0.163493
./a040/water/a004     dVpot/dlambda               111.363     36.963    36.9523 0.00162093    3.07978
./a040/water/a008     dVpot/dlambda               111.615    47.1324    47.1046 -0.00295052   -5.60599
./a040/water/a012     dVpot/dlambda               86.1141     57.709    57.7084 0.000492487   0.935726
./a040/water/a016     dVpot/dlambda               50.4891    55.4204    55.4198 0.000495944   0.942295
./a040/water/a020     dVpot/dlambda               32.8747     43.194    43.1818 0.00187564    3.56372
./a040/water/a024     dVpot/dlambda               25.3555    36.1188    36.1162 0.00078797    1.49714
./a040/water/a028     dVpot/dlambda               19.5898    31.6659    31.6591  0.0011908    2.26252
./a040/water/a032     dVpot/dlambda               15.9448    27.7452    27.7452 1.16816e-05   0.022195
./a040/water/a036     dVpot/dlambda               13.1362    24.9005    24.8989 0.000510219   0.969418
./a040/water/a040     dVpot/dlambda               10.8315    23.1999    23.1999 -4.30563e-05 -0.0818071
./a040/water/a044     dVpot/dlambda               8.61248    23.3475    23.3459 -0.000510796  -0.970514
./a040/water/a048     dVpot/dlambda               7.39242    23.5434    23.5428 0.000309254   0.587583
./a040/water/a052     dVpot/dlambda               4.02863    25.8254    25.8154 -0.00131159   -2.49203
./a040/water/a056     dVpot/dlambda              0.469382    30.5253    30.5193 0.00109967    2.08937
./a040/water/a060     dVpot/dlambda              -10.9766    47.2498    47.2466 0.000996098    1.89259
./a040/water/a064     dVpot/dlambda              -31.9762    55.8112    55.7645 0.00416357    7.91079
./a040/water/a068     dVpot/dlambda              -41.3639    44.9817    44.9778 0.00108969    2.07042
./a040/water/a072     dVpot/dlambda              -30.5531    30.8356    30.8258 -0.00142119   -2.70027
./a040/water/a076     dVpot/dlambda               -12.747    21.5882    21.5882 -3.68259e-06 -0.00699694
./a040/water/a080     dVpot/dlambda               4.39577    16.6016       16.6 0.000425228   0.807933
./a040/water/a084     dVpot/dlambda               18.0468    15.7435    15.7359 0.00089098    1.69286
./a040/water/a088     dVpot/dlambda               27.4739    17.3563    17.3248 0.00190595    3.62132
./a040/water/a092     dVpot/dlambda               34.9359    18.8045    18.8038 -0.000301134  -0.572156
./a040/water/a096     dVpot/dlambda               39.4404    20.8739    20.8205 0.00272045    5.16887
./a040/water/a100     dVpot/dlambda               37.7176     22.688     22.681 -0.00102411   -1.94581
./a069/dmm/a000     dVpot/dlambda               162.504    24.0817    24.0302 0.00287006    5.45311
./a069/dmm/a004     dVpot/dlambda               177.012    46.0082    45.8613  0.0066964    12.7232
./a069/dmm/a008     dVpot/dlambda               162.552    56.1642    53.9625 -0.0283895     -53.94
./a069/dmm/a012     dVpot/dlambda               122.816    42.1186    40.6822  0.0198836    37.7789
./a069/dmm/a016     dVpot/dlambda               104.234    33.8481    33.4309 0.00966024    18.3545
./a069/dmm/a020     dVpot/dlambda                93.854    29.6031     29.488 0.00475427    9.03312
./a069/dmm/a024     dVpot/dlambda               81.7229    24.7079    24.7023 -0.000955636   -1.81571
./a069/dmm/a028     dVpot/dlambda               75.6076    25.6383    25.6224 -0.00164213   -3.12004
./a069/dmm/a032     dVpot/dlambda               69.0721    26.0166    26.0157 0.000397354   0.754974
./a069/dmm/a036     dVpot/dlambda               63.6231    27.3135    27.2678 0.00287986    5.47173
./a069/dmm/a040     dVpot/dlambda               55.9502    30.7301    30.7288 -0.000524268   -0.99611
./a069/dmm/a044     dVpot/dlambda                49.803    32.8348    32.8283 0.00118925    2.25957
./a069/dmm/a048     dVpot/dlambda               44.5452    36.6951    36.6899 -0.00112936    -2.1458
./a069/dmm/a052     dVpot/dlambda               37.8328    40.3026    40.3022 -0.000350214  -0.665407
./a069/dmm/a056     dVpot/dlambda               26.9694    45.2555    45.2531 0.000844729    1.60499
./a069/dmm/a060     dVpot/dlambda               21.5449    47.8833     47.883 0.000330208   0.627397
./a069/dmm/a064     dVpot/dlambda               11.6334    53.0963    53.0951 -0.000662993   -1.25969
./a069/dmm/a068     dVpot/dlambda              -3.44057    57.6566    57.6024 -0.00455601   -8.65642
./a069/dmm/a072     dVpot/dlambda              -25.8577    68.3902    68.3491 -0.00432687   -8.22105
./a069/dmm/a076     dVpot/dlambda              -43.7518    76.5982    76.2633 -0.0130456   -24.7867
./a069/dmm/a080     dVpot/dlambda              -81.8435    87.6745     87.357   0.013591    25.8229
./a069/dmm/a084     dVpot/dlambda               -115.99    94.7532    94.6327 -0.00870657   -16.5425
./a069/dmm/a088     dVpot/dlambda              -130.815    81.0805    81.0768 -0.00140735   -2.67398
./a069/dmm/a092     dVpot/dlambda              -117.376    64.8557    64.7935 0.00517448    9.83152
./a069/dmm/a096     dVpot/dlambda              -58.4977    45.1335    45.1335 3.41004e-05  0.0647908
./a069/dmm/a100     dVpot/dlambda               1.25089    31.8452    31.8441 0.000484467   0.920488
./a069/water/a000     dVpot/dlambda               74.0748    15.9774    15.8982 -0.00289679    -5.5039
./a069/water/a004     dVpot/dlambda               108.971    38.8592    38.8505 -0.00150176   -2.85335
./a069/water/a008     dVpot/dlambda               96.4768    49.6002    49.5151 -0.0052944   -10.0594
./a069/water/a012     dVpot/dlambda               72.2447    62.0475    61.9919 0.00478808    9.09736
./a069/water/a016     dVpot/dlambda               48.1507    52.4467    52.4425 0.00120248    2.28471
./a069/water/a020     dVpot/dlambda                 34.64    38.4512    38.4195 -0.00284597   -5.40734
./a069/water/a024     dVpot/dlambda               28.9032    33.7062    33.7061 0.000171729   0.326286
./a069/water/a028     dVpot/dlambda               23.4488    28.3184    28.3181 0.000245772   0.466967
./a069/water/a032     dVpot/dlambda               20.3227    24.9484    24.9154  0.0023369    4.44011
./a069/water/a036     dVpot/dlambda               16.4088    23.1748    23.1596 -0.00152657   -2.90048
./a069/water/a040     dVpot/dlambda               13.4656    21.9507    21.9447 -0.000934484   -1.77552
./a069/water/a044     dVpot/dlambda                 11.13    22.1448    22.1434 -0.000463393  -0.880448
./a069/water/a048     dVpot/dlambda               9.01623    22.1899    22.1897 -0.000161681  -0.307195
./a069/water/a052     dVpot/dlambda               6.34328    23.5817    23.5804 0.000444659   0.844853
./a069/water/a056     dVpot/dlambda               3.14601    26.4333    26.4325 -0.000380042  -0.722081
./a069/water/a060     dVpot/dlambda              -6.39493    41.2543    41.2476 0.00135478    2.57408
./a069/water/a064     dVpot/dlambda              -17.6422    46.8032     46.798 -0.00126724   -2.40775
./a069/water/a068     dVpot/dlambda              -32.2582    45.1704    45.1026 0.00451143    8.57172
./a069/water/a072     dVpot/dlambda              -27.6155    32.2277    32.2214 -0.00116153   -2.20691
./a069/water/a076     dVpot/dlambda              -15.0224    23.7505     23.748 0.000626194    1.18977
./a069/water/a080     dVpot/dlambda              -1.94579    19.7672    19.7661 -0.000379789  -0.721599
./a069/water/a084     dVpot/dlambda                6.5614    19.9937     19.949 0.00243626     4.6289
./a069/water/a088     dVpot/dlambda               12.7525    20.9369    20.9369 -9.09388e-06 -0.0172784
./a069/water/a092     dVpot/dlambda               18.5613    21.3852    21.3185 -0.00307853   -5.84922
./a069/water/a096     dVpot/dlambda               20.2871    21.4333    21.3595 0.00323978    6.15559
./a069/water/a100     dVpot/dlambda                19.563    19.9892    19.9811 -0.00103732   -1.97092
./a080/dmm/a000     dVpot/dlambda               154.778     26.049    24.5439  0.0335878    30.2291
./a080/dmm/a004     dVpot/dlambda               162.577    42.6213    42.4582 -0.0143399    -12.906
./a080/dmm/a008     dVpot/dlambda               149.985    51.9066     46.657  0.0875525    78.7974
./a080/dmm/a012     dVpot/dlambda                109.09    32.3703    32.3199 -0.00695033   -6.25531
./a080/dmm/a016     dVpot/dlambda               100.854    27.0865    27.0842  0.0013398    1.20583
./a080/dmm/a020     dVpot/dlambda               86.6185    21.4711    21.4645 -0.0020533   -1.84797
./a080/dmm/a024     dVpot/dlambda               82.6231    24.5107     24.497 -0.00315184   -2.83666
./a080/dmm/a028     dVpot/dlambda               76.4449    23.3485    23.3269 -0.00385979   -3.47382
./a080/dmm/a032     dVpot/dlambda               70.5651    25.5997    25.5971  0.0014073    1.26657
./a080/dmm/a036     dVpot/dlambda               63.4932    26.8578    26.8577 -0.000217745  -0.195971
./a080/dmm/a040     dVpot/dlambda               58.9127    30.1005    30.0992 -0.00111164   -1.00048
./a080/dmm/a044     dVpot/dlambda               52.0719    33.3802    33.3785 0.00128324    1.15492
./a080/dmm/a048     dVpot/dlambda               45.6549     35.091    35.0808 -0.00325519   -2.92967
./a080/dmm/a052     dVpot/dlambda               40.9273    38.6701    38.6437 0.00549811    4.94831
./a080/dmm/a056     dVpot/dlambda               29.6262    44.4607    44.3361  -0.012806   -11.5254
./a080/dmm/a060     dVpot/dlambda               22.5697    48.0282    48.0188 0.00364449    3.28005
./a080/dmm/a064     dVpot/dlambda               10.6064    53.0414    53.0289 0.00443154    3.98839
./a080/dmm/a068     dVpot/dlambda              -3.69403    58.9625    58.9623 0.00058898   0.530083
./a080/dmm/a072     dVpot/dlambda              -20.8443     65.495    65.4861 0.00416167    3.74551
./a080/dmm/a076     dVpot/dlambda              -36.5324    71.6473    71.4261 -0.0216542   -19.4888
./a080/dmm/a080     dVpot/dlambda              -60.4577    88.0759    87.6889  0.0317465    28.5719
./a080/dmm/a084     dVpot/dlambda              -94.5066    92.8791    92.4059 -0.0360377    -32.434
./a080/dmm/a088     dVpot/dlambda               -121.78    92.3021     91.956  0.0307379    27.6642
./a080/dmm/a092     dVpot/dlambda              -105.826    68.3318     68.313  0.0061771     5.5594
./a080/dmm/a096     dVpot/dlambda              -62.0895    47.6284    47.0987 -0.0272633    -24.537
./a080/dmm/a100     dVpot/dlambda              -1.37263    34.8965    34.8851 0.00343093    3.08785
./a080/water/a000     dVpot/dlambda               68.0745    16.1467    15.7588 -0.0135407   -12.1867
./a080/water/a004     dVpot/dlambda               100.142    39.5645    38.5399  0.0344322     30.989
./a080/water/a008     dVpot/dlambda                101.49    51.6893    51.3163  -0.023857   -21.4713
./a080/water/a012     dVpot/dlambda               65.7222    55.4219    55.4027 -0.00561751   -5.05577
./a080/water/a016     dVpot/dlambda               44.3933     49.335    49.3342 0.00109764   0.987879
./a080/water/a020     dVpot/dlambda               33.4977    36.7613    36.7507 0.00339477     3.0553
./a080/water/a024     dVpot/dlambda               30.4995    31.8114    31.8051 -0.00243504   -2.19154
./a080/water/a028     dVpot/dlambda               24.4718     26.816    26.8151 0.000812107   0.730898
./a080/water/a032     dVpot/dlambda               19.7012    24.4187    24.4129 0.00204086    1.83678
./a080/water/a036     dVpot/dlambda                17.761    21.7186    21.7121 0.00205126    1.84614
./a080/water/a040     dVpot/dlambda               14.4239    20.0603    20.0602 -0.000167186  -0.150468
./a080/water/a044     dVpot/dlambda               12.1562    20.7119    20.7035 -0.0022631   -2.03679
./a080/water/a048     dVpot/dlambda               9.99459    21.6798    21.6795 -0.000376259  -0.338634
./a080/water/a052     dVpot/dlambda               7.50906    22.2857    22.2854 0.000506958   0.456263
./a080/water/a056     dVpot/dlambda               3.19891    26.2371     26.233 -0.00176985   -1.59286
./a080/water/a060     dVpot/dlambda              -2.20826    33.0458    32.9925 -0.00722433   -6.50191
./a080/water/a064     dVpot/dlambda              -11.6523    40.4773      40.42 -0.00829015   -7.46115
./a080/water/a068     dVpot/dlambda              -20.0584    40.1881     40.058 -0.0124392   -11.1953
./a080/water/a072     dVpot/dlambda               -25.228    33.0095    33.0067 -0.00165854   -1.49269
./a080/water/a076     dVpot/dlambda              -14.9923    25.4375    25.4352 0.00133002    1.19702
./a080/water/a080     dVpot/dlambda              -5.79629    21.5596    21.5585 0.000838125   0.754314
./a080/water/a084     dVpot/dlambda            -0.0473853    21.8428    21.8311 -0.00274762   -2.47287
./a080/water/a088     dVpot/dlambda               5.68483    21.5719    21.4177 0.00991023    8.91923
./a080/water/a092     dVpot/dlambda               9.96309    19.9729    19.9438 0.00414785    3.73307
./a080/water/a096     dVpot/dlambda               11.2695    18.9373    18.8668 0.00628484    5.65637
./a080/water/a100     dVpot/dlambda               12.8007    17.3242    17.3164  0.0020019    1.80172
./a086/dmm/a000     dVpot/dlambda                145.39     27.151    25.6367  0.0163003    30.9706
./a086/dmm/a004     dVpot/dlambda               135.429    42.1548     40.849 -0.0189808   -36.0636
./a086/dmm/a008     dVpot/dlambda               110.451    30.2752    29.7275 -0.0104524   -19.8595
./a086/dmm/a012     dVpot/dlambda               102.681    25.7789    25.7075 -0.0034957   -6.64183
./a086/dmm/a016     dVpot/dlambda               95.2744    23.6189    23.5554 -0.00315533   -5.99514
./a086/dmm/a020     dVpot/dlambda                85.512    19.7273    19.7272 -0.000146366  -0.278097
./a086/dmm/a024     dVpot/dlambda               81.1565    21.8559    21.8558 0.000122406   0.232571
./a086/dmm/a028     dVpot/dlambda               73.3861     21.963    21.9377 -0.00192289   -3.65349
./a086/dmm/a032     dVpot/dlambda               68.6925    24.3288    24.3288 -3.60135e-06 -0.00684258
./a086/dmm/a036     dVpot/dlambda               64.3807    26.2286    26.2221 0.00106173     2.0173
./a086/dmm/a040     dVpot/dlambda               58.2002    28.6889    28.6742  0.0016762    3.18478
./a086/dmm/a044     dVpot/dlambda               52.0748    31.8562    31.8481 -0.00130847    -2.4861
./a086/dmm/a048     dVpot/dlambda               47.6295    35.6932    35.6898 -0.00090325   -1.71618
./a086/dmm/a052     dVpot/dlambda               39.3424    40.3389    40.3315 0.00140969    2.67842
./a086/dmm/a056     dVpot/dlambda               31.3474    43.3757    43.3733 0.000842287    1.60035
./a086/dmm/a060     dVpot/dlambda               23.7289    47.0688    47.0546 -0.00210332   -3.99632
./a086/dmm/a064     dVpot/dlambda               14.1081    50.5474    50.5426 0.00127015    2.41329
./a086/dmm/a068     dVpot/dlambda              0.394295    57.2533    57.1758 -0.00543135   -10.3196
./a086/dmm/a072     dVpot/dlambda              -22.5124    66.7549     66.706 -0.00465583   -8.84608
./a086/dmm/a076     dVpot/dlambda              -30.0608    70.6944    70.5744  0.0075058     14.261
./a086/dmm/a080     dVpot/dlambda              -62.6026    83.5105     83.056  0.0158645    30.1426
./a086/dmm/a084     dVpot/dlambda              -106.329    93.6164    93.5544 -0.00621356   -11.8058
./a086/dmm/a088     dVpot/dlambda              -123.239    89.0679    88.5278 -0.0178568    -33.928
./a086/dmm/a092     dVpot/dlambda               -111.14    68.9303    68.7656 0.00868246    16.4967
./a086/dmm/a096     dVpot/dlambda              -58.1859    49.9379    49.8978  0.0036462    6.92779
./a086/dmm/a100     dVpot/dlambda               2.42822    32.7013    32.6997 0.000601507    1.14286
./a086/water/a000     dVpot/dlambda               67.6624    14.7523    14.7513 0.000311945   0.592695
./a086/water/a004     dVpot/dlambda               99.4317    39.6912    39.6854 -0.00123635   -2.34907
./a086/water/a008     dVpot/dlambda               91.0957    46.9993    46.9863 0.00201803    3.83426
./a086/water/a012     dVpot/dlambda               64.6442    49.4357    49.4352 -0.000422064  -0.801923
./a086/water/a016     dVpot/dlambda               44.7046    45.6757    45.6739 0.000756886    1.43808
./a086/water/a020     dVpot/dlambda               35.0267    35.2939    35.2856 -0.00138904   -2.63919
./a086/water/a024     dVpot/dlambda               31.6488    29.3388    29.3351 -0.000850216   -1.61541
./a086/water/a028     dVpot/dlambda                25.727    25.3684    25.3573 0.00136447    2.59249
./a086/water/a032     dVpot/dlambda               22.1206    22.8325    22.8204 0.00135171    2.56825
./a086/water/a036     dVpot/dlambda               17.8594    20.9284    20.9125 -0.00148692   -2.82516
./a086/water/a040     dVpot/dlambda               14.5848    20.6935    20.6681 -0.0018709   -3.55471
./a086/water/a044     dVpot/dlambda               12.3001    19.7384     19.738 0.000230036   0.437068
./a086/water/a048     dVpot/dlambda               9.06168    20.9839    20.9838 -4.22921e-05  -0.080355
./a086/water/a052     dVpot/dlambda               6.54084    22.0031    21.9998 -0.000702051    -1.3339
./a086/water/a056     dVpot/dlambda               3.24056    24.9097    24.9064 -0.00073174   -1.39031
./a086/water/a060     dVpot/dlambda             -0.925345    28.8206    28.8183 -0.000656495   -1.24734
./a086/water/a064     dVpot/dlambda               -9.6318    38.7754    38.7482 -0.00264657   -5.02848
./a086/water/a068     dVpot/dlambda              -16.2662    37.3236    37.3195 0.00101317    1.92502
./a086/water/a072     dVpot/dlambda              -20.1582     32.527    32.5255 0.000562144    1.06807
./a086/water/a076     dVpot/dlambda              -15.3857    25.8523    25.8387 -0.00152657   -2.90049
./a086/water/a080     dVpot/dlambda              -8.20241     22.347    22.3347  0.0013547    2.57393
./a086/water/a084     dVpot/dlambda              -2.55063    21.8414    21.8403 -0.000401597  -0.763035
./a086/water/a088     dVpot/dlambda               1.25204    20.8596    20.8594 0.000150988   0.286878
./a086/water/a092     dVpot/dlambda               4.18011    19.7406    19.7029 -0.00222287   -4.22346
./a086/water/a096     dVpot/dlambda               6.43924    17.3039    17.3028 0.00036053   0.685008
./a086/water/a100     dVpot/dlambda               8.42896    15.5377    15.5366 -0.000342494  -0.650739
./a090/dmm/a000     dVpot/dlambda               126.877    26.6665    21.8026  0.0279936    53.1878
./a090/dmm/a004     dVpot/dlambda               138.653    40.5363    39.7441  0.0145396    27.6252
./a090/dmm/a008     dVpot/dlambda                112.03    30.4229    29.8917    0.01032     19.608
./a090/dmm/a012     dVpot/dlambda               100.362     27.753    27.7007 -0.00310377   -5.89717
./a090/dmm/a016     dVpot/dlambda                91.195    19.1179    19.0706 -0.00245157   -4.65798
./a090/dmm/a020     dVpot/dlambda               86.4534    20.4203    20.2626 0.00461802    8.77425
./a090/dmm/a024     dVpot/dlambda               80.1246    20.2312    20.2277 0.000686933    1.30517
./a090/dmm/a028     dVpot/dlambda               73.4081    21.5489    21.5488 -0.000118259  -0.224692
./a090/dmm/a032     dVpot/dlambda               70.0557    24.4012    24.4008 0.000252113   0.479015
./a090/dmm/a036     dVpot/dlambda               65.7326    26.8562    26.8362 -0.00188836   -3.58789
./a090/dmm/a040     dVpot/dlambda               58.1386    28.6704    28.6647 0.00104203    1.97985
./a090/dmm/a044     dVpot/dlambda               52.6055    31.2867    31.2867 0.000116629   0.221596
./a090/dmm/a048     dVpot/dlambda               47.4673    35.6009    35.5944 -0.00123757   -2.35139
./a090/dmm/a052     dVpot/dlambda               40.1554    38.9512    38.9459 0.00116967    2.22238
./a090/dmm/a056     dVpot/dlambda                33.583    42.3732    42.3676 0.00125113    2.37714
./a090/dmm/a060     dVpot/dlambda               25.7092    45.7144    45.7102 0.00112793    2.14308
./a090/dmm/a064     dVpot/dlambda               14.6353    50.6831    50.6661 -0.00239375   -4.54814
./a090/dmm/a068     dVpot/dlambda              0.909291     56.283     56.255 -0.00324175   -6.15932
./a090/dmm/a072     dVpot/dlambda              -15.0789    64.4003     64.366 -0.00383055   -7.27806
./a090/dmm/a076     dVpot/dlambda              -32.0203    71.2517    71.2441 -0.00188833   -3.58783
./a090/dmm/a080     dVpot/dlambda              -67.1355    84.0954    84.0812 0.00281399    5.34659
./a090/dmm/a084     dVpot/dlambda              -76.9529    85.8154     85.681 -0.00875494   -16.6344
./a090/dmm/a088     dVpot/dlambda              -114.614    86.4541    86.3704 -0.00693463   -13.1758
./a090/dmm/a092     dVpot/dlambda              -113.685    68.4792    68.4243 0.00500232    9.50442
./a090/dmm/a096     dVpot/dlambda              -63.7871    50.4413    50.4391 0.00085933    1.63273
./a090/dmm/a100     dVpot/dlambda             -0.563388    33.8235    33.7751 0.00329802    6.26625
./a090/water/a000     dVpot/dlambda               61.5348    16.3573    16.0615  0.0119188    10.7269
./a090/water/a004     dVpot/dlambda               85.9137     32.731     32.729 -0.00139241   -1.25317
./a090/water/a008     dVpot/dlambda               91.8513    44.2777    44.2589 -0.00497499    -4.4775
./a090/water/a012     dVpot/dlambda               61.0969    49.2274    49.2273 -0.000300732  -0.270659
./a090/water/a016     dVpot/dlambda               50.7884    41.0709     40.596 -0.0239687   -21.5719
./a090/water/a020     dVpot/dlambda                40.317    33.9458    33.8221 -0.0111408   -10.0267
./a090/water/a024     dVpot/dlambda               31.9622    28.0894    28.0755 -0.00340519   -3.06468
./a090/water/a028     dVpot/dlambda               24.8075    24.2314    24.2289 -0.00133722    -1.2035
./a090/water/a032     dVpot/dlambda               22.5971    22.3795     22.371 -0.00238016   -2.14215
./a090/water/a036     dVpot/dlambda               17.5038     20.277    20.2764 0.000597237   0.537514
./a090/water/a040     dVpot/dlambda               14.3051    19.3462    19.3457 0.000495083   0.445575
./a090/water/a044     dVpot/dlambda               10.6842    19.2578    19.2566 -0.000841168  -0.757053
./a090/water/a048     dVpot/dlambda               7.76035    20.0439    20.0264 0.00322204    2.89984
./a090/water/a052     dVpot/dlambda                5.9094    21.3509    21.3482 0.00129964    1.16968
./a090/water/a056     dVpot/dlambda               3.13251    23.7975    23.7975 0.000176376   0.158739
./a090/water/a060     dVpot/dlambda             -0.108158    26.3911    26.3908 0.000550031   0.495029
./a090/water/a064     dVpot/dlambda              -7.65611    33.6357    33.4854  0.0122241    11.0018
./a090/water/a068     dVpot/dlambda              -11.2751    32.8005    32.7613 0.00617076     5.5537
./a090/water/a072     dVpot/dlambda              -17.7312    31.8186    31.8148 -0.0019034   -1.71306
./a090/water/a076     dVpot/dlambda              -13.4184    25.5065    25.4938 0.00309609    2.78649
./a090/water/a080     dVpot/dlambda              -9.90358    24.3104    24.3104 8.40196e-05  0.0756178
./a090/water/a084     dVpot/dlambda              -5.86473    22.3728    22.3728 7.11834e-05  0.0640652
./a090/water/a088     dVpot/dlambda               -2.0098    20.1251    20.1249 0.000348873   0.313987
./a090/water/a092     dVpot/dlambda               2.05589    18.6758    18.6751 0.000578898   0.521009
./a090/water/a096     dVpot/dlambda               2.29886    15.8734    15.8731 0.000391538   0.352385
./a090/water/a100     dVpot/dlambda                6.2985    14.5245    14.5216 0.00110911   0.998204
./a093/dmm/a000     dVpot/dlambda               122.007    25.5009    18.3574 -0.0681286   -61.3159
./a093/dmm/a004     dVpot/dlambda               145.229      47.87    42.2901  0.0863308    77.6979
./a093/dmm/a008     dVpot/dlambda               102.194    22.5634    22.4013 -0.0103914   -9.35225
./a093/dmm/a012     dVpot/dlambda               94.6031    18.7109    18.7108 0.000259092   0.233183
./a093/dmm/a016     dVpot/dlambda                91.405    22.0182    21.8409  0.0107338    9.66043
./a093/dmm/a020     dVpot/dlambda               86.2543    19.4468    19.3871 0.00586152    5.27538
./a093/dmm/a024     dVpot/dlambda               79.3694    19.8916     19.881 -0.00250215   -2.25194
./a093/dmm/a028     dVpot/dlambda               76.4763    21.4761    21.4613 -0.00306939   -2.76246
./a093/dmm/a032     dVpot/dlambda               69.8748    23.4527    23.4527 -5.03012e-05 -0.0452712
./a093/dmm/a036     dVpot/dlambda               64.3309    26.1294    26.1163 -0.00318802   -2.86923
./a093/dmm/a040     dVpot/dlambda               59.7009    28.8838    28.8817 0.00134333      1.209
./a093/dmm/a044     dVpot/dlambda               52.6804    31.3679    31.3662 0.00125109    1.12598
./a093/dmm/a048     dVpot/dlambda               48.8422    34.3933    34.3779 -0.00396202   -3.56583
./a093/dmm/a052     dVpot/dlambda                40.144    38.5352    38.5352 0.000268628   0.241766
./a093/dmm/a056     dVpot/dlambda                33.745    41.8456    41.8252 -0.00503058   -4.52754
./a093/dmm/a060     dVpot/dlambda               26.6712    44.6045     44.591 -0.00421971   -3.79775
./a093/dmm/a064     dVpot/dlambda               15.0615    49.7454    49.7401 0.00277814    2.50033
./a093/dmm/a068     dVpot/dlambda             -0.732668     60.168    60.0771 -0.0127265   -11.4539
./a093/dmm/a072     dVpot/dlambda              -9.78993    60.8427    60.7598 -0.0122225   -11.0003
./a093/dmm/a080     dVpot/dlambda              -63.1645    81.9804    81.5983  0.0304269    27.3843
./a093/dmm/a084     dVpot/dlambda              -89.2759    92.6599    92.4283  0.0251998    22.6799
./a093/dmm/a088     dVpot/dlambda              -127.889    95.7647    95.7326 0.00953149    8.57836
./a093/dmm/a092     dVpot/dlambda              -101.775    78.5718    77.6117  0.0471328    42.4196
./a093/dmm/a096     dVpot/dlambda              -67.1852    50.2413    49.9004 -0.0224864   -20.2378
./a093/dmm/a100     dVpot/dlambda              0.513956    32.2551    32.1979 0.00739017    6.65116
./a093/water/a000     dVpot/dlambda               60.5118    16.0889    15.8331  0.0109981    9.89835
./a093/water/a004     dVpot/dlambda               91.7585    36.9729    36.7282 -0.0163443   -14.7099
./a093/water/a008     dVpot/dlambda               85.0073    41.6645    41.3926 -0.0182931   -16.4638
./a093/water/a012     dVpot/dlambda               61.1203    49.8616    49.7836  0.0107258    9.65324
./a093/water/a016     dVpot/dlambda               46.9918    40.7019    40.5433  0.0138127    12.4315
./a093/water/a020     dVpot/dlambda               35.3801    33.5548    33.3987  0.0124436    11.1992
./a093/water/a024     dVpot/dlambda               29.5414    26.9985    26.9216 -0.00783654    -7.0529
./a093/water/a028     dVpot/dlambda               25.9111     23.935    23.9348 0.000320848   0.288764
./a093/water/a032     dVpot/dlambda               22.4411    22.2732    22.2656 -0.00223807   -2.01427
./a093/water/a036     dVpot/dlambda               16.0765    19.1594    19.1578 0.000968338   0.871507
./a093/water/a040     dVpot/dlambda               13.2596    18.7408    18.6303 -0.00782024   -7.03823
./a093/water/a044     dVpot/dlambda               11.6694    20.1002    20.0945 -0.00184623   -1.66161
./a093/water/a048     dVpot/dlambda               9.51803    19.8691    19.8666 0.00122083    1.09875
./a093/water/a052     dVpot/dlambda               4.05908    22.2149    22.2143 0.00058843   0.529588
./a093/water/a056     dVpot/dlambda               1.93017    22.2954    22.2936 0.00109605   0.986447
./a093/water/a060     dVpot/dlambda              -2.20235    25.9501    25.9211 0.00471728    4.24556
./a093/water/a064     dVpot/dlambda              -6.91369    33.1162    33.1094 0.00258872    2.32986
./a093/water/a068     dVpot/dlambda              -13.0139    34.8504    34.7697 -0.00912109     -8.209
./a093/water/a072     dVpot/dlambda              -14.7523    30.8282    30.7882 -0.00603772   -5.43397
./a093/water/a076     dVpot/dlambda              -15.2194    27.0008     26.998 -0.00148659   -1.33793
./a093/water/a080     dVpot/dlambda              -10.8974    24.2369    24.2146 0.00399812    3.59832
./a093/water/a084     dVpot/dlambda              -8.21828    22.7942    22.7897 0.00175004    1.57504
./a093/water/a088     dVpot/dlambda              -4.64947    20.3261     20.324 -0.00112402   -1.01162
./a093/water/a092     dVpot/dlambda               -1.3498    17.5508    17.5454 0.00166542    1.49888
./a093/water/a096     dVpot/dlambda                1.3357    16.1513    16.1488 0.00109093   0.981843
./a093/water/a100     dVpot/dlambda               3.48449    13.9465    13.9445 0.00092149   0.829343
./a095/dmm/a000     dVpot/dlambda               114.802    19.5619    17.5806  0.0156401    29.7163
./a095/dmm/a004     dVpot/dlambda               106.659    19.9309    19.5286   0.007264    13.8016
./a095/dmm/a008     dVpot/dlambda                 99.93     20.933    20.4526 -0.00812974   -15.4465
./a095/dmm/a012     dVpot/dlambda               94.4338    19.8886    19.8882 -0.000214287  -0.407146
./a095/dmm/a016     dVpot/dlambda                 87.63    16.7216    16.7216 1.89482e-05  0.0360016
./a095/dmm/a020     dVpot/dlambda               82.9268    17.9004     17.893 0.000939369     1.7848
./a095/dmm/a024     dVpot/dlambda               78.1316    19.2467    19.2367 -0.0011263   -2.13998
./a095/dmm/a028     dVpot/dlambda               74.5086    21.4968     21.486 -0.00124323   -2.36215
./a095/dmm/a032     dVpot/dlambda               69.1355    23.1812    23.1691 0.00136553    2.59451
./a095/dmm/a036     dVpot/dlambda               64.7062    25.7336    25.7309 0.000677504    1.28726
./a095/dmm/a040     dVpot/dlambda               59.4501    27.8786    27.8748 0.000838705    1.59354
./a095/dmm/a044     dVpot/dlambda               53.6546    31.2948    31.2945 -0.000254596  -0.483733
./a095/dmm/a048     dVpot/dlambda               47.7667    34.6647    34.6645 0.00023266   0.442054
./a095/dmm/a052     dVpot/dlambda               40.2747    38.7715     38.769 -0.000796209    -1.5128
./a095/dmm/a056     dVpot/dlambda               33.6402    41.7731    41.7711 -0.00075617   -1.43672
./a095/dmm/a060     dVpot/dlambda               24.4123    46.6049    46.6003 -0.00119081   -2.26254
./a095/dmm/a064     dVpot/dlambda               16.2304    49.2291    49.2252 0.00113226     2.1513
./a095/dmm/a068     dVpot/dlambda               2.49463    56.9444    56.9113 -0.00353494   -6.71639
./a095/dmm/a072     dVpot/dlambda              -11.1269    61.7264    61.7175  0.0019109    3.63072
./a095/dmm/a076     dVpot/dlambda              -27.6869    69.2195    69.1533 0.00551714    10.4826
./a095/dmm/a080     dVpot/dlambda               -43.141    74.5215    74.4648 0.00529942    10.0689
./a095/dmm/a084     dVpot/dlambda              -73.2591    86.2345    86.2173 -0.00313252    -5.9518
./a095/dmm/a088     dVpot/dlambda              -108.483    88.4286    88.1981  0.0116336    22.1038
./a095/dmm/a092     dVpot/dlambda              -108.262    72.0458    71.9922 0.00506779    9.62881
./a095/dmm/a096     dVpot/dlambda              -61.4156    49.7931    49.7679 0.00288868    5.48849
./a095/dmm/a100     dVpot/dlambda              -2.65271    32.9841    32.8043 -0.00627011   -11.9132
./a095/water/a000     dVpot/dlambda               58.8866    14.2395    14.1143 -0.00343573   -6.52789
./a095/water/a004     dVpot/dlambda               86.8816    36.4968    36.4908 -0.00120291   -2.28554
./a095/water/a008     dVpot/dlambda               91.1747    46.5474    46.0989 -0.0117535   -22.3316
./a095/water/a012     dVpot/dlambda               60.9552    40.8003     40.798 0.000779296    1.48066
./a095/water/a016     dVpot/dlambda               50.4861     38.432    38.3779 0.00371768     7.0636
./a095/water/a020     dVpot/dlambda                38.969    30.8807    30.8596 -0.00208165   -3.95514
./a095/water/a024     dVpot/dlambda               32.4793     26.621    26.5979 -0.00202025   -3.83848
./a095/water/a028     dVpot/dlambda               24.9791     23.163    23.1451 0.00165968    3.15339
./a095/water/a032     dVpot/dlambda               20.2985    21.0768    21.0744 0.00057129    1.08545
./a095/water/a036     dVpot/dlambda               16.4394     19.661    19.6606 0.000229199   0.435478
./a095/water/a040     dVpot/dlambda               13.1868     18.924    18.9224 -0.000439914  -0.835837
./a095/water/a044     dVpot/dlambda               10.1944    18.9301    18.9225 0.000977392    1.85705
./a095/water/a048     dVpot/dlambda               7.43108    19.8118    19.8044 -0.000989866   -1.88075
./a095/water/a052     dVpot/dlambda                4.9712    20.4744    20.4725 0.00050373   0.957088
./a095/water/a056     dVpot/dlambda               1.21299    23.4816    23.4781 -0.000741253   -1.40838
./a095/water/a060     dVpot/dlambda              -1.10264     25.139    25.1332 0.000990117    1.88122
./a095/water/a064     dVpot/dlambda              -5.24419    28.9625    28.9589 0.000828922    1.57495
./a095/water/a068     dVpot/dlambda              -10.5015    31.3233     31.323 -0.000252265  -0.479305
./a095/water/a072     dVpot/dlambda              -13.6631    29.8204    29.7772 0.00292416    5.55591
./a095/water/a076     dVpot/dlambda              -13.2596    27.0349    27.0246 -0.00136119   -2.58626
./a095/water/a080     dVpot/dlambda              -11.2541     24.401    24.4008 0.000200271   0.380516
./a095/water/a084     dVpot/dlambda              -8.58957    22.1751    22.1719 -0.000687928   -1.30706
./a095/water/a088     dVpot/dlambda              -5.08605    19.8183     19.813 0.00083599    1.58838
./a095/water/a092     dVpot/dlambda              -2.76181    17.6101    17.5936 0.00138825    2.63768
./a095/water/a096     dVpot/dlambda               0.46547    15.0437     15.039 0.000687929    1.30707
./a095/water/a100     dVpot/dlambda               3.00503    13.4236    13.4179 0.00071191    1.35263
./a098/dmm/a000     dVpot/dlambda               106.348    11.9585    11.9416 0.00116112    2.20614
./a098/dmm/a004     dVpot/dlambda               120.377    35.6291    35.2572 0.00936068    17.7853
./a098/dmm/a008     dVpot/dlambda               96.7228    15.8417    15.6373 -0.00462426    -8.7861
./a098/dmm/a012     dVpot/dlambda               91.6414    15.0874    15.0549 0.00180297    3.42564
./a098/dmm/a016     dVpot/dlambda               87.1233    16.6428    16.6247 -0.00141192   -2.68266
./a098/dmm/a020     dVpot/dlambda               81.6021    17.1865    17.1849 0.000426308   0.809986
./a098/dmm/a024     dVpot/dlambda               78.6227    18.9698    18.9595 -0.00113917   -2.16442
./a098/dmm/a028     dVpot/dlambda                73.697    21.0771      21.07 -0.000998213   -1.89661
./a098/dmm/a032     dVpot/dlambda               68.9276    23.0325    23.0322 0.000192132   0.365051
./a098/dmm/a036     dVpot/dlambda               63.3982    25.8618    25.8566 -0.00094636   -1.79809
./a098/dmm/a040     dVpot/dlambda               59.1814    27.6778    27.6778 -9.27396e-08 -0.000176205
./a098/dmm/a044     dVpot/dlambda               54.4589      30.79    30.7862 -0.000872868   -1.65845
./a098/dmm/a048     dVpot/dlambda               48.0398    34.3576    34.3444 0.00173593    3.29827
./a098/dmm/a052     dVpot/dlambda               40.1292     38.747    38.7388 -0.00145914   -2.77236
./a098/dmm/a056     dVpot/dlambda               33.7264    41.1386    41.1386 7.31274e-05   0.138942
./a098/dmm/a060     dVpot/dlambda               24.6506    46.0293    45.9914 -0.00340227   -6.46432
./a098/dmm/a064     dVpot/dlambda               16.6477     48.567    48.5439 -0.00272797   -5.18315
./a098/dmm/a068     dVpot/dlambda               3.27855    55.6175    55.6085 -0.00181977   -3.45756
./a098/dmm/a072     dVpot/dlambda              -9.36386     61.596    61.5927 -0.00116833   -2.21983
./a098/dmm/a076     dVpot/dlambda              -27.9582    68.1232    68.1229 -0.000330317  -0.627604
./a098/dmm/a080     dVpot/dlambda                -48.91    78.9093    78.7899 0.00791249    15.0337
./a098/dmm/a084     dVpot/dlambda              -86.4416    87.9274    87.7188 -0.0110368     -20.97
./a098/dmm/a088     dVpot/dlambda              -111.173    90.4156    90.3229 -0.00746223   -14.1783
./a098/dmm/a092     dVpot/dlambda              -107.501    71.7109    71.5426 0.00895116    17.0072
./a098/dmm/a096     dVpot/dlambda              -61.4963    48.6294    48.5489 -0.00510071   -9.69136
./a098/dmm/a100     dVpot/dlambda             -0.495922    34.2068    34.1954 -0.00160711   -3.05352
./a098/water/a000     dVpot/dlambda               54.2984    12.9373    12.7991 0.00343941    6.53488
./a098/water/a004     dVpot/dlambda               84.6359    34.4295    34.3999 0.00260129    4.94246
./a098/water/a008     dVpot/dlambda               79.6624    38.6791    38.6686 0.00163907    3.11424
./a098/water/a012     dVpot/dlambda               71.8873    40.4787    40.3787 0.00518361    9.84888
./a098/water/a016     dVpot/dlambda               53.8138    34.2476    34.2449 -0.000787481   -1.49622
./a098/water/a020     dVpot/dlambda               36.9984    28.9765    28.9485 0.00232098    4.40987
./a098/water/a024     dVpot/dlambda               30.0208    25.1922    25.1921 -0.000126655  -0.240644
./a098/water/a028     dVpot/dlambda               24.2068    21.9472    21.9472 -7.95364e-06 -0.0151119
./a098/water/a032     dVpot/dlambda               20.4431    20.6295    20.6291 0.000228642   0.434421
./a098/water/a036     dVpot/dlambda               15.4257    18.9441    18.9441 -5.19288e-05 -0.0986648
./a098/water/a040     dVpot/dlambda               11.8646    18.2633    18.2512 -0.00121061   -2.30016
./a098/water/a044     dVpot/dlambda               8.78738    18.5453    18.5373 0.000989687    1.88041
./a098/water/a048     dVpot/dlambda               5.89383    19.2736    19.2736 3.80195e-05   0.072237
./a098/water/a052     dVpot/dlambda               3.69509    19.8503    19.8503 -3.84446e-05 -0.0730448
./a098/water/a056     dVpot/dlambda               1.45951    21.9046    21.9043 -0.000217197  -0.412674
./a098/water/a060     dVpot/dlambda              -1.96217    25.6632    25.6567 0.00105457    2.00369
./a098/water/a064     dVpot/dlambda              -5.97994    28.2828    28.2825 0.000229227   0.435532
./a098/water/a068     dVpot/dlambda              -8.72587    29.4866    29.4845 -0.000639831   -1.21568
./a098/water/a072     dVpot/dlambda              -12.2765    29.2616    29.2489 0.00156981    2.98264
./a098/water/a076     dVpot/dlambda              -12.4967    26.7863    26.7833 -0.000733141   -1.39297
./a098/water/a080     dVpot/dlambda              -12.3903    24.8649    24.8643 -0.000308778  -0.586679
./a098/water/a084     dVpot/dlambda              -10.4884    22.8696     22.861  0.0011437    2.17303
./a098/water/a088     dVpot/dlambda              -7.37895    19.6954    19.6952 0.000153806   0.292231
./a098/water/a092     dVpot/dlambda              -3.61625    17.1036    17.1018 -0.000454206  -0.862992
./a098/water/a096     dVpot/dlambda              -1.55915    15.0155    15.0145 -0.000310111  -0.589211
./a098/water/a100     dVpot/dlambda              0.670826    12.9446     12.937 0.000812898    1.54451
./a099/dmm/a000     dVpot/dlambda               111.275    14.9432    14.9304 0.00112688    2.14107
./a099/dmm/a004     dVpot/dlambda               112.468    34.4073    33.4272  0.0148664    28.2461
./a099/dmm/a008     dVpot/dlambda               96.9602    15.2661      15.26 0.000788306    1.49778
./a099/dmm/a012     dVpot/dlambda               90.8091    15.2429    15.2349 -0.000897301   -1.70487
./a099/dmm/a016     dVpot/dlambda               87.0006    15.6995    15.6802 0.00142002    2.69805
./a099/dmm/a020     dVpot/dlambda               82.1211    17.0324    17.0145 -0.00142465   -2.70683
./a099/dmm/a024     dVpot/dlambda               78.0117     19.342     19.301 0.00229425    4.35908
./a099/dmm/a028     dVpot/dlambda               73.1681    20.8932    20.8111 0.00337408    6.41076
./a099/dmm/a032     dVpot/dlambda               68.8719    23.1458    23.1427 0.000682781    1.29729
./a099/dmm/a036     dVpot/dlambda                 63.49    24.9814    24.9814 -2.65924e-05 -0.0505257
./a099/dmm/a040     dVpot/dlambda               59.3476     27.974     27.974 9.79769e-05   0.186156
./a099/dmm/a044     dVpot/dlambda               53.2859    30.9188    30.9172 0.000562784    1.06929
./a099/dmm/a048     dVpot/dlambda               47.3796    34.3994    34.3992 -0.000221194   -0.42027
./a099/dmm/a052     dVpot/dlambda               40.7265    37.7992    37.7729 -0.00256981   -4.88265
./a099/dmm/a056     dVpot/dlambda               32.9774    41.7196    41.7166 -0.000912732   -1.73419
./a099/dmm/a060     dVpot/dlambda               26.3065    43.6219    43.6066 -0.00210363    -3.9969
./a099/dmm/a064     dVpot/dlambda               15.4692     49.363    49.3624 0.000438163   0.832511
./a099/dmm/a068     dVpot/dlambda               4.63079    54.4945    54.4933 -0.000644476   -1.22451
./a099/dmm/a072     dVpot/dlambda               -9.0096    60.7223    60.7092 0.00230747    4.38421
./a099/dmm/a080     dVpot/dlambda              -53.9771    79.6485     79.567 0.00656513    12.4738
./a099/dmm/a084     dVpot/dlambda              -82.2513    87.2709    87.2229 0.00527734     10.027
./a099/dmm/a088     dVpot/dlambda              -111.821    92.4744    91.7833 -0.0205729   -39.0886
./a099/dmm/a092     dVpot/dlambda              -102.139      72.22    72.2051 -0.00267171   -5.07625
./a099/dmm/a096     dVpot/dlambda              -64.0092    49.4327    49.3822 -0.00406999     -7.733
./a099/dmm/a100     dVpot/dlambda             -0.737151    32.8057    32.6264 0.00624456    11.8647
./a099/water/a000     dVpot/dlambda                51.912    12.1739    12.1655 -0.000822943   -1.56359
./a099/water/a004     dVpot/dlambda               79.8649    31.9365    31.7408 -0.00643648   -12.2293
./a099/water/a008     dVpot/dlambda               82.1335    38.9483    38.4689 -0.0111062   -21.1017
./a099/water/a012     dVpot/dlambda               66.0057    37.7405    37.7197 -0.00228521    -4.3419
./a099/water/a016     dVpot/dlambda               53.0757    34.0998    34.0702 0.00259144    4.92374
./a099/water/a020     dVpot/dlambda               40.9795    28.7641     28.751 0.00158253    3.00681
./a099/water/a024     dVpot/dlambda                31.895    25.0646    25.0541 -0.00132209   -2.51198
./a099/water/a028     dVpot/dlambda               23.9427    21.8827    21.8716 -0.00127037   -2.41371
./a099/water/a032     dVpot/dlambda               19.4662    20.3238    20.3207 0.000651037    1.23697
./a099/water/a036     dVpot/dlambda                14.877    18.8616    18.8612 -0.000212427  -0.403611
./a099/water/a040     dVpot/dlambda               10.5153    18.2675     18.267 0.000244132   0.463852
./a099/water/a044     dVpot/dlambda               8.27851    18.3806    18.3803 -0.000203642  -0.386921
./a099/water/a048     dVpot/dlambda               5.04091    18.9335    18.9301 0.000651022    1.23694
./a099/water/a052     dVpot/dlambda               3.04824    20.4607    20.4597 0.000384465   0.730485
./a099/water/a056     dVpot/dlambda               1.25463    21.4498    21.4479 0.000530369     1.0077
./a099/water/a060     dVpot/dlambda               -1.8532     23.929    23.9206 -0.00115675   -2.19783
./a099/water/a064     dVpot/dlambda              -6.16706    27.7487    27.7471 0.000541379    1.02862
./a099/water/a068     dVpot/dlambda              -8.93966    28.4612     28.461 -0.000231081  -0.439055
./a099/water/a072     dVpot/dlambda              -11.7575     28.795    28.7929 -0.000642378   -1.22052
./a099/water/a076     dVpot/dlambda              -13.5633    27.2808    27.2801 0.000361939   0.687685
./a099/water/a080     dVpot/dlambda              -12.8883    24.8063    24.8005 0.000977971    1.85815
./a099/water/a084     dVpot/dlambda              -10.5765    22.0361    22.0353 -0.000354363   -0.67329
./a099/water/a088     dVpot/dlambda              -7.64466    19.6038    19.6038 -4.7322e-05 -0.0899119
./a099/water/a092     dVpot/dlambda              -5.28973     17.338    17.3313 -0.000878433   -1.66903
./a099/water/a096     dVpot/dlambda             -0.613177    14.6866    14.6849 -0.000409528  -0.778104
./a099/water/a100     dVpot/dlambda              0.577926    13.0254    13.0211 -0.000611407   -1.16167
