PLUMED: PLUMED is starting
PLUMED: Version: 2.6.0 (git: Unknown) compiled on Mar 17 2020 at 21:00:13
PLUMED: Please cite these papers when using PLUMED [1][2]
PLUMED: For further information see the PLUMED web page at http://www.plumed.org
PLUMED: Root: /central/home/tcheng/soft/lammps/lammps-3Mar20/lib/plumed/plumed2/lib/plumed
PLUMED: For installed feature, see /central/home/tcheng/soft/lammps/lammps-3Mar20/lib/plumed/plumed2/lib/plumed/src/config/config.txt
PLUMED: Molecular dynamics engine: LAMMPS
PLUMED: Precision of reals: 8
PLUMED: Running over 1 node
PLUMED: Number of threads: 1
PLUMED: Cache line size: 512
PLUMED: Number of atoms: 231
PLUMED: File suffix: 
PLUMED: FILE: plumed.dat
PLUMED: Action UNITS
PLUMED:   with label @0
PLUMED:   length: A = 0.1 nm
PLUMED:   energy: kcal/mol = 4.184 kj/mol
PLUMED:   time: ps
PLUMED:   charge: e
PLUMED:   mass: amu
PLUMED:   using physical units
PLUMED:   inside PLUMED, Boltzmann constant is 0.0019872
PLUMED: Action DISTANCE
PLUMED:   with label dd
PLUMED:   between atoms 1 2
PLUMED:   using periodic boundary conditions
PLUMED: Action RESTRAINT
PLUMED:   with label @2
PLUMED:   with arguments dd
PLUMED:   added component to this action:  @2.bias 
PLUMED:   at 2.500000
PLUMED:   with harmonic force constant 25.000000
PLUMED:   and linear force constant 0.000000
PLUMED:   added component to this action:  @2.force2 
PLUMED: Action PRINT
PLUMED:   with label @3
PLUMED:   with stride 100
PLUMED:   with arguments dd
PLUMED:   on file colvar
PLUMED:   with format  %f
PLUMED: END FILE: plumed.dat
PLUMED: Timestep: 0.001000
PLUMED: KbT has not been set by the MD engine
PLUMED: It should be set by hand where needed
PLUMED: Relevant bibliography:
PLUMED:   [1] The PLUMED consortium, Nat. Methods 16, 670 (2019)
PLUMED:   [2] Tribello, Bonomi, Branduardi, Camilloni, and Bussi, Comput. Phys. Commun. 185, 604 (2014)
PLUMED: Please read and cite where appropriate!
PLUMED: Finished setup
PLUMED:                                               Cycles        Total      Average      Minumum      Maximum
PLUMED:                                                    1     3.650260     3.650260     3.650260     3.650260
PLUMED: 1 Prepare dependencies                        200001     0.091680     0.000000     0.000000     0.000524
PLUMED: 2 Sharing data                                200001     0.558768     0.000003     0.000002     0.000061
PLUMED: 3 Waiting for data                            200001     0.116479     0.000001     0.000000     0.000031
PLUMED: 4 Calculating (forward loop)                  200001     0.863178     0.000004     0.000004     0.000058
PLUMED: 5 Applying (backward loop)                    200001     0.938881     0.000005     0.000004     0.000118
PLUMED: 6 Update                                      200001     0.067181     0.000000     0.000000     0.001951
